<!DOCTYPE html PUBLIC "-//W3C//DTD XHTML 1.1//EN" "http://www.w3.org/TR/xhtml11/DTD/xhtml11.dtd">
<html xmlns="http://www.w3.org/1999/xhtml">
<head>
<meta http-equiv="content-type" content="text/html; charset=UTF-8"/>
<title>TestNG Report</title>
<style type="text/css">table {margin-bottom:10px;border-collapse:collapse;empty-cells:show}th,td {border:1px solid #009;padding:.25em .5em}th {vertical-align:bottom}td {vertical-align:top}table a {font-weight:bold}.stripe td {background-color: #E6EBF9}.num {text-align:right}.passedodd td {background-color: #3F3}.passedeven td {background-color: #0A0}.skippedodd td {background-color: #DDD}.skippedeven td {background-color: #CCC}.failedodd td,.attn {background-color: #F33}.failedeven td,.stripe .attn {background-color: #D00}.stacktrace {white-space:pre;font-family:monospace}.totop {font-size:85%;text-align:center;border-bottom:2px solid #000}.invisible {display:none}</style>
</head>
<body>
<table>
<tr><th>Test</th><th># Passed</th><th># Skipped</th><th># Failed</th><th>Time (ms)</th><th>Included Groups</th><th>Excluded Groups</th></tr>
<tr><th colspan="7">Suite</th></tr>
<tr><td><a href="#t0">Test</a></td><td class="num">1</td><td class="num">0</td><td class="num attn">8</td><td class="num">195,188</td><td></td><td></td></tr>
</table>
<table id='summary'><thead><tr><th>Class</th><th>Method</th><th>Start</th><th>Time (ms)</th></tr></thead><tbody><tr><th colspan="4">Suite</th></tr></tbody><tbody id="t0"><tr><th colspan="4">Test &#8212; failed</th></tr><tr class="failedeven"><td rowspan="1">Package_Medicare.Medicare_About</td><td><a href="#m0">About</a></td><td rowspan="1">1628390829030</td><td rowspan="1">0</td></tr><tr class="failedodd"><td rowspan="1">Package_Medicare.Medicare_Contact</td><td><a href="#m1">Contact</a></td><td rowspan="1">1628390829044</td><td rowspan="1">0</td></tr><tr class="failedeven"><td rowspan="1">Package_Medicare.Medicare_Homepage</td><td><a href="#m2">Homepage</a></td><td rowspan="1">1628390829054</td><td rowspan="1">0</td></tr><tr class="failedodd"><td rowspan="1">Package_Medicare.Medicare_Login</td><td><a href="#m3">Login</a></td><td rowspan="1">1628390829068</td><td rowspan="1">0</td></tr><tr class="failedeven"><td rowspan="1">Package_Medicare.Medicare_PlaceOrder</td><td><a href="#m4">PlaceOrder</a></td><td rowspan="1">1628390829092</td><td rowspan="1">0</td></tr><tr class="failedodd"><td rowspan="1">Package_Medicare.Medicare_ViewProducts</td><td><a href="#m5">ViewProducts</a></td><td rowspan="1">1628390829001</td><td rowspan="1">0</td></tr><tr class="failedeven"><td rowspan="1">Package_Medicare.Medicare_adminLogin</td><td><a href="#m6">adminLogin</a></td><td rowspan="1">1628390829077</td><td rowspan="1">0</td></tr><tr class="failedodd"><td rowspan="1">Package_Medicare.Medicare_scrollHomepage</td><td><a href="#m7">scrollHomepage</a></td><td rowspan="1">1628390829084</td><td rowspan="1">0</td></tr><tr><th colspan="4">Test &#8212; passed</th></tr><tr class="passedeven"><td rowspan="1">Package_Medicare.Medicare_Driver</td><td><a href="#m8">calling_webpages</a></td><td rowspan="1">1628390838005</td><td rowspan="1">185065</td></tr></tbody>
</table>
<h2>Test</h2><h3 id="m0">Package_Medicare.Medicare_About#About</h3><table class="result"><tr><th>Exception</th></tr><tr><td><div class="stacktrace">org.testng.TestNGException: 
Cannot inject @Test annotated Method [About] with [interface org.openqa.selenium.WebDriver].
For more information on native dependency injection please refer to http://testng.org/doc/documentation-main.html#native-dependency-injection
... Removed 24 stack frames</div></td></tr></table><p class="totop"><a href="#summary">back to summary</a></p>
<h3 id="m1">Package_Medicare.Medicare_Contact#Contact</h3><table class="result"><tr><th>Exception</th></tr><tr><td><div class="stacktrace">org.testng.TestNGException: 
Cannot inject @Test annotated Method [Contact] with [interface org.openqa.selenium.WebDriver].
For more information on native dependency injection please refer to http://testng.org/doc/documentation-main.html#native-dependency-injection
... Removed 24 stack frames</div></td></tr></table><p class="totop"><a href="#summary">back to summary</a></p>
<h3 id="m2">Package_Medicare.Medicare_Homepage#Homepage</h3><table class="result"><tr><th>Exception</th></tr><tr><td><div class="stacktrace">org.testng.TestNGException: 
Cannot inject @Test annotated Method [Homepage] with [interface org.openqa.selenium.WebDriver].
For more information on native dependency injection please refer to http://testng.org/doc/documentation-main.html#native-dependency-injection
... Removed 24 stack frames</div></td></tr></table><p class="totop"><a href="#summary">back to summary</a></p>
<h3 id="m3">Package_Medicare.Medicare_Login#Login</h3><table class="result"><tr><th>Exception</th></tr><tr><td><div class="stacktrace">org.testng.TestNGException: 
Cannot inject @Test annotated Method [Login] with [interface org.openqa.selenium.WebDriver].
For more information on native dependency injection please refer to http://testng.org/doc/documentation-main.html#native-dependency-injection
... Removed 24 stack frames</div></td></tr></table><p class="totop"><a href="#summary">back to summary</a></p>
<h3 id="m4">Package_Medicare.Medicare_PlaceOrder#PlaceOrder</h3><table class="result"><tr><th>Exception</th></tr><tr><td><div class="stacktrace">org.testng.TestNGException: 
Cannot inject @Test annotated Method [PlaceOrder] with [interface org.openqa.selenium.WebDriver].
For more information on native dependency injection please refer to http://testng.org/doc/documentation-main.html#native-dependency-injection
... Removed 24 stack frames</div></td></tr></table><p class="totop"><a href="#summary">back to summary</a></p>
<h3 id="m5">Package_Medicare.Medicare_ViewProducts#ViewProducts</h3><table class="result"><tr><th>Exception</th></tr><tr><td><div class="stacktrace">org.testng.TestNGException: 
Cannot inject @Test annotated Method [ViewProducts] with [interface org.openqa.selenium.WebDriver].
For more information on native dependency injection please refer to http://testng.org/doc/documentation-main.html#native-dependency-injection
... Removed 24 stack frames</div></td></tr></table><p class="totop"><a href="#summary">back to summary</a></p>
<h3 id="m6">Package_Medicare.Medicare_adminLogin#adminLogin</h3><table class="result"><tr><th>Exception</th></tr><tr><td><div class="stacktrace">org.testng.TestNGException: 
Cannot inject @Test annotated Method [adminLogin] with [interface org.openqa.selenium.WebDriver].
For more information on native dependency injection please refer to http://testng.org/doc/documentation-main.html#native-dependency-injection
... Removed 24 stack frames</div></td></tr></table><p class="totop"><a href="#summary">back to summary</a></p>
<h3 id="m7">Package_Medicare.Medicare_scrollHomepage#scrollHomepage</h3><table class="result"><tr><th>Exception</th></tr><tr><td><div class="stacktrace">org.testng.TestNGException: 
Cannot inject @Test annotated Method [scrollHomepage] with [interface org.openqa.selenium.WebDriver].
For more information on native dependency injection please refer to http://testng.org/doc/documentation-main.html#native-dependency-injection
... Removed 24 stack frames</div></td></tr></table><p class="totop"><a href="#summary">back to summary</a></p>
<h3 id="m8">Package_Medicare.Medicare_Driver#calling_webpages</h3><table class="result"><tr><th class="invisible"/></tr></table><p class="totop"><a href="#summary">back to summary</a></p>
</body>
</html>
